[14:20:27] [Render thread/INFO]: Environment: authHost='https://authserver.mojang.com', accountsHost='https://api.mojang.com', sessionHost='https://sessionserver.mojang.com', servicesHost='https://api.minecraftservices.com', name='PROD'
[14:20:28] [Render thread/ERROR]: Failed to verify authentication
com.mojang.authlib.exceptions.AuthenticationUnavailableException: null
	at com.mojang.authlib.yggdrasil.YggdrasilSocialInteractionsService.checkPrivileges(YggdrasilSocialInteractionsService.java:97) ~[authlib-2.1.28.jar:?]
	at com.mojang.authlib.yggdrasil.YggdrasilSocialInteractionsService.<init>(YggdrasilSocialInteractionsService.java:40) ~[authlib-2.1.28.jar:?]
	at com.mojang.authlib.yggdrasil.YggdrasilAuthenticationService.createSocialInteractionsService(YggdrasilAuthenticationService.java:152) ~[authlib-2.1.28.jar:?]
	at net.minecraft.client.Minecraft.func_244735_a(Minecraft.java:575) [main/:?]
	at net.minecraft.client.Minecraft.<init>(Minecraft.java:277) [main/:?]
	at net.minecraft.client.main.Main.main(Main.java:154) [main/:?]
[14:20:28] [Render thread/INFO]: Setting user: Player91
[14:20:28] [Render thread/WARN]: Skipping bad option: key_key.right:key.keyboard.d
[14:20:28] [Render thread/WARN]: Skipping bad option: tutorialStep:none
[14:20:28] [Render thread/WARN]: Skipping bad option: key_key.jump:key.keyboard.space
[14:20:28] [Render thread/WARN]: Skipping bad option: chatDelay: 0.0
[14:20:28] [Render thread/WARN]: Skipping bad option: chatLinksPrompt:true
[14:20:28] [Render thread/WARN]: Skipping bad option: textBackgroundOpacity:0.5
[14:20:28] [Render thread/WARN]: Skipping bad option: resourcePacks:[]
[14:20:28] [Render thread/WARN]: Skipping bad option: useNativeTransport:true
[14:20:28] [Render thread/WARN]: Skipping bad option: chatScale:1.0
[14:20:28] [Render thread/WARN]: Skipping bad option: chatLineSpacing:0.0
[14:20:28] [Render thread/WARN]: Skipping bad option: chatColors:true
[14:20:28] [Render thread/WARN]: Skipping bad option: mouseWheelSensitivity:1.0
[14:20:28] [Render thread/WARN]: Skipping bad option: enableVsync:true
[14:20:28] [Render thread/WARN]: Skipping bad option: heldItemTooltips:true
[14:20:28] [Render thread/WARN]: Skipping bad option: screenEffectScale:1.0
[14:20:28] [Render thread/WARN]: Skipping bad option: particles:0
[14:20:28] [Render thread/WARN]: Skipping bad option: toggleSprint:false
[14:20:28] [Render thread/WARN]: Skipping bad option: mouseSensitivity:0.5
[14:20:28] [Render thread/WARN]: Skipping bad option: autoSuggestions:true
[14:20:28] [Render thread/WARN]: Skipping bad option: advancedItemTooltips:false
[14:20:28] [Render thread/WARN]: Skipping bad option: key_key.left:key.keyboard.a
[14:20:28] [Render thread/WARN]: Skipping bad option: graphicsMode:1
[14:20:28] [Render thread/WARN]: Skipping bad option: entityShadows:true
[14:20:28] [Render thread/WARN]: Skipping bad option: touchscreen:false
[14:20:28] [Render thread/WARN]: Skipping bad option: incompatibleResourcePacks:[]
[14:20:28] [Render thread/WARN]: Skipping bad option: version:2586
[14:20:28] [Render thread/WARN]: Skipping bad option: ao:2
[14:20:28] [Render thread/WARN]: Skipping bad option: mipmapLevels:4
[14:20:28] [Render thread/WARN]: Skipping bad option: difficulty:2
[14:20:28] [Render thread/WARN]: Skipping bad option: hideMatchedNames:true
[14:20:28] [Render thread/WARN]: Skipping bad option: mainHand:right
[14:20:28] [Render thread/WARN]: Skipping bad option: lastServer:
[14:20:28] [Render thread/WARN]: Skipping bad option: fullscreen:false
[14:20:28] [Render thread/WARN]: Skipping bad option: renderDistance:20
[14:20:28] [Render thread/WARN]: Skipping bad option: discrete_mouse_scroll:false
[14:20:28] [Render thread/WARN]: Skipping bad option: overrideHeight:0
[14:20:28] [Render thread/WARN]: Skipping bad option: autoJump:true
[14:20:28] [Render thread/WARN]: Skipping bad option: chatLinks:true
[14:20:28] [Render thread/WARN]: Skipping bad option: key_key.forward:key.keyboard.w
[14:20:28] [Render thread/WARN]: Skipping bad option: skipMultiplayerWarning:false
[14:20:28] [Render thread/WARN]: Skipping bad option: invertYMouse:false
[14:20:28] [Render thread/WARN]: Skipping bad option: reducedDebugInfo:false
[14:20:28] [Render thread/WARN]: Skipping bad option: fov:0.0
[14:20:28] [Render thread/WARN]: Skipping bad option: key_key.back:key.keyboard.s
[14:20:28] [Render thread/WARN]: Skipping bad option: toggleCrouch:false
[14:20:28] [Render thread/WARN]: Skipping bad option: rawMouseInput:true
[14:20:28] [Render thread/WARN]: Skipping bad option: key_key.attack:key.mouse.left
[14:20:28] [Render thread/WARN]: Skipping bad option: attackIndicator:1
[14:20:28] [Render thread/WARN]: Skipping bad option: snooperEnabled:false
[14:20:28] [Render thread/WARN]: Skipping bad option: key_key.use:key.mouse.right
[14:20:28] [Render thread/WARN]: Skipping bad option: chatWidth:1.0
[14:20:28] [Render thread/WARN]: Skipping bad option: pauseOnLostFocus:true
[14:20:28] [Render thread/WARN]: Skipping bad option: chatHeightUnfocused:0.44366195797920227
[14:20:28] [Render thread/WARN]: Skipping bad option: realmsNotifications:true
[14:20:28] [Render thread/WARN]: Skipping bad option: lang:en_us
[14:20:28] [Render thread/WARN]: Skipping bad option: showSubtitles:false
[14:20:28] [Render thread/WARN]: Skipping bad option: bobView:true
[14:20:28] [Render thread/WARN]: Skipping bad option: fovEffectScale:1.0
[14:20:28] [Render thread/WARN]: Skipping bad option: overrideWidth:0
[14:20:28] [Render thread/WARN]: Skipping bad option: syncChunkWrites:true
[14:20:28] [Render thread/WARN]: Skipping bad option: backgroundForChatOnly:true
[14:20:28] [Render thread/WARN]: Skipping bad option: chatHeightFocused:1.0
[14:20:28] [Render thread/WARN]: Skipping bad option: hideServerAddress:false
[14:20:28] [Render thread/WARN]: Skipping bad option: glDebugVerbosity:1
[14:20:28] [Render thread/WARN]: Skipping bad option: maxFps:260
[14:20:28] [Render thread/WARN]: Skipping bad option: renderClouds:true
[14:20:28] [Render thread/WARN]: Skipping bad option: guiScale:0
[14:20:28] [Render thread/WARN]: Skipping bad option: forceUnicodeFont:false
[14:20:28] [Render thread/WARN]: Skipping bad option: chatVisibility:0
[14:20:28] [Render thread/WARN]: Skipping bad option: narrator:0
[14:20:28] [Render thread/WARN]: Skipping bad option: joinedFirstServer:false
[14:20:28] [Render thread/WARN]: Skipping bad option: biomeBlendRadius:2
[14:20:28] [Render thread/WARN]: Skipping bad option: entityDistanceScaling:5.0
[14:20:28] [Render thread/WARN]: Skipping bad option: chatOpacity:1.0
[14:20:28] [Render thread/WARN]: Skipping bad option: gamma:1.0
[14:20:28] [Render thread/INFO]: Backend library: LWJGL version 3.2.2 build 10
[14:20:29] [Render thread/INFO]: Space client registration beginning...
[14:20:29] [Render thread/INFO]: Space client registration success!
[14:20:30] [Render thread/WARN]: ERROR : Couldn't load Narrator library : Unable to load library 'SAPIWrapper_x64': Can't obtain InputStream for win32-x86-64/SAPIWrapper_x64.dll
ERROR : Couldn't load Narrator library : Unable to load library 'SAPIWrapper_x86': Can't obtain InputStream for win32-x86-64/SAPIWrapper_x86.dll

[14:20:30] [Render thread/INFO]: Reloading ResourceManager: Default
[14:20:31] [Realms Notification Availability checker #1/INFO]: Could not authorize you against Realms server: Invalid session id
[14:20:35] [Render thread/INFO]: OpenAL initialized.
[14:20:35] [Render thread/INFO]: Sound engine started
[14:20:36] [Render thread/INFO]: Created: 1024x1024x4 minecraft:textures/atlas/blocks.png-atlas
[14:20:36] [Render thread/INFO]: Created: 256x128x4 minecraft:textures/atlas/signs.png-atlas
[14:20:36] [Render thread/INFO]: Created: 1024x512x4 minecraft:textures/atlas/banner_patterns.png-atlas
[14:20:36] [Render thread/INFO]: Created: 1024x512x4 minecraft:textures/atlas/shield_patterns.png-atlas
[14:20:36] [Render thread/INFO]: Created: 256x256x4 minecraft:textures/atlas/chest.png-atlas
[14:20:36] [Render thread/INFO]: Created: 512x256x4 minecraft:textures/atlas/beds.png-atlas
[14:20:36] [Render thread/INFO]: Created: 512x256x4 minecraft:textures/atlas/shulker_boxes.png-atlas
[14:20:36] [Render thread/INFO]: Created: 256x256x0 minecraft:textures/atlas/particles.png-atlas
[14:20:36] [Render thread/INFO]: Created: 256x256x0 minecraft:textures/atlas/paintings.png-atlas
[14:20:36] [Render thread/INFO]: Created: 256x128x0 minecraft:textures/atlas/mob_effects.png-atlas
[14:20:42] [Render thread/WARN]: Ambiguity between arguments [teleport, destination] and [teleport, targets] with inputs: [Player, 0123, @e, dd12be42-52a9-4a91-a8a1-11c01849e498]
[14:20:42] [Render thread/WARN]: Ambiguity between arguments [teleport, location] and [teleport, destination] with inputs: [0.1 -0.5 .9, 0 0 0]
[14:20:42] [Render thread/WARN]: Ambiguity between arguments [teleport, location] and [teleport, targets] with inputs: [0.1 -0.5 .9, 0 0 0]
[14:20:42] [Render thread/WARN]: Ambiguity between arguments [teleport, targets] and [teleport, destination] with inputs: [Player, 0123, dd12be42-52a9-4a91-a8a1-11c01849e498]
[14:20:42] [Render thread/WARN]: Ambiguity between arguments [teleport, targets, location] and [teleport, targets, destination] with inputs: [0.1 -0.5 .9, 0 0 0]
[14:20:42] [Render thread/INFO]: Reloading ResourceManager: Default
[14:20:43] [Render thread/INFO]: Loaded 7 recipes
[14:20:43] [Render thread/INFO]: Loaded 927 advancements
[14:20:44] [Render thread/INFO]: Environment: authHost='https://authserver.mojang.com', accountsHost='https://api.mojang.com', sessionHost='https://sessionserver.mojang.com', servicesHost='https://api.minecraftservices.com', name='PROD'
[14:20:44] [Server thread/INFO]: Starting integrated minecraft server version 1.16.5
[14:20:44] [Server thread/INFO]: Generating keypair
[14:20:44] [Server thread/INFO]: Preparing start region for dimension minecraft:overworld
[14:20:45] [Render thread/INFO]: Preparing spawn area: 0%
[14:20:45] [Render thread/INFO]: Preparing spawn area: 0%
[14:20:45] [Render thread/INFO]: Time elapsed: 768 ms
[14:20:45] [Server thread/INFO]: Changing view distance to 19, from 10
[14:20:46] [Server thread/INFO]: Player91[local:E:4d73f7ad] logged in with entity id 20 at (23.63977802349158, 9.118156870658112, -219.96326321274702)
[14:20:46] [Server thread/INFO]: Player91 joined the game
[14:20:46] [Server thread/INFO]: Saving and pausing game...
[14:20:46] [Server thread/INFO]: Saving chunks for level 'ServerLevel[New World]'/minecraft:overworld
[14:20:46] [Render thread/INFO]: Loaded 16 advancements
[14:20:46] [Server thread/INFO]: Saving chunks for level 'ServerLevel[New World]'/minecraft:the_nether
[14:20:46] [Server thread/INFO]: Saving chunks for level 'ServerLevel[New World]'/minecraft:the_end
[14:20:53] [Render thread/INFO]: Body: -218.71577
[14:20:53] [Render thread/INFO]: Head: -218.71577
[14:20:54] [Server thread/INFO]: [Player91: Set own game mode to Survival Mode]
[14:20:54] [Render thread/INFO]: [CHAT] Set own game mode to Survival Mode
[14:20:56] [Render thread/INFO]: Body: -237.3157
[14:20:56] [Render thread/INFO]: Head: -237.3157
[14:20:56] [Render thread/INFO]: Body: -237.3157
[14:20:56] [Render thread/INFO]: Head: -237.3157
[14:20:57] [Render thread/INFO]: [CHAT] Unknown or incomplete command, see below for error
[14:20:57] [Render thread/INFO]: [CHAT] / c<--[HERE]
[14:20:58] [Render thread/INFO]: Body: -237.3157
[14:20:58] [Render thread/INFO]: Head: -237.3157
[14:20:58] [Render thread/INFO]: Body: -237.3157
[14:20:58] [Render thread/INFO]: Head: -237.3157
[14:20:59] [Server thread/INFO]: [Player91: Set own game mode to Creative Mode]
[14:20:59] [Render thread/INFO]: [CHAT] Set own game mode to Creative Mode
[14:21:02] [Server thread/INFO]: [Player91: Set the time to 1000]
[14:21:02] [Render thread/INFO]: [CHAT] Set the time to 1000
[14:21:23] [Server thread/INFO]: Player91 has made the advancement [Take Aim]
[14:21:23] [Render thread/INFO]: [CHAT] Player91 has made the advancement [Take Aim]
[14:21:23] [Render thread/INFO]: Loaded 21 advancements
[14:21:25] [Server thread/INFO]: Player91 has made the advancement [Monster Hunter]
[14:21:25] [Render thread/INFO]: [CHAT] Player91 has made the advancement [Monster Hunter]
[14:21:25] [Render thread/INFO]: Loaded 33 advancements
[14:21:54] [Server thread/INFO]: [Player91: Summoned new Witch]
[14:21:54] [Render thread/INFO]: [CHAT] Summoned new Witch
[14:22:33] [Render thread/INFO]: Loaded 33 advancements
[14:22:40] [Server thread/INFO]: [Player91: Summoned new Wandering Trader]
[14:22:40] [Render thread/INFO]: [CHAT] Summoned new Wandering Trader
[14:22:48] [Render thread/INFO]: Loaded 34 advancements
[14:23:05] [Server thread/INFO]: Saving and pausing game...
[14:23:05] [Server thread/INFO]: Saving chunks for level 'ServerLevel[New World]'/minecraft:overworld
[14:23:05] [Server thread/INFO]: Saving chunks for level 'ServerLevel[New World]'/minecraft:the_nether
[14:23:05] [Server thread/INFO]: Saving chunks for level 'ServerLevel[New World]'/minecraft:the_end
[14:23:06] [Server thread/INFO]: Player91 lost connection: Disconnected
[14:23:06] [Server thread/INFO]: Player91 left the game
[14:23:06] [Server thread/INFO]: Stopping singleplayer server as player logged out
[14:23:06] [Server thread/INFO]: Stopping server
[14:23:06] [Server thread/INFO]: Saving players
[14:23:06] [Server thread/INFO]: Saving worlds
[14:23:06] [Server thread/INFO]: Saving chunks for level 'ServerLevel[New World]'/minecraft:overworld
[14:23:06] [Server thread/INFO]: ThreadedAnvilChunkStorage (New World): All chunks are saved
[14:23:06] [Server thread/INFO]: Saving chunks for level 'ServerLevel[New World]'/minecraft:the_nether
[14:23:06] [Server thread/INFO]: ThreadedAnvilChunkStorage (DIM-1): All chunks are saved
[14:23:06] [Server thread/INFO]: Saving chunks for level 'ServerLevel[New World]'/minecraft:the_end
[14:23:06] [Server thread/INFO]: ThreadedAnvilChunkStorage (DIM1): All chunks are saved
[14:23:06] [Server thread/INFO]: ThreadedAnvilChunkStorage (New World): All chunks are saved
[14:23:06] [Server thread/INFO]: ThreadedAnvilChunkStorage (DIM-1): All chunks are saved
[14:23:06] [Server thread/INFO]: ThreadedAnvilChunkStorage (DIM1): All chunks are saved
[14:23:07] [Render thread/INFO]: Stopping!
